<?xml version='1.1' encoding='UTF-8'?>
<result plugin="junit@1.24">
  <suites>
    <suite>
      <file>D:\Jenkins\workspace\NumberServiceUnitServer\temporary-junit-reports\TEST-0.xml</file>
      <name>MSTestSuite</name>
      <duration>0.0</duration>
      <time>0</time>
      <enclosingBlocks/>
      <enclosingBlockNames/>
      <cases>
        <case>
          <duration>0.007</duration>
          <className>NumberLibTest.NuberServiceTest</className>
          <testName>NumberLibTest.NuberServiceTest.ShouldReturnTrueGivenEvenValue</testName>
          <skipped>false</skipped>
          <failedSince>0</failedSince>
        </case>
        <case>
          <duration>0.001</duration>
          <className>NumberLibTest.NuberServiceTest</className>
          <testName>NumberLibTest.NuberServiceTest.ShouldReturnFalseGivenOddValue</testName>
          <skipped>false</skipped>
          <failedSince>0</failedSince>
        </case>
      </cases>
    </suite>
  </suites>
  <duration>0.0</duration>
  <keepLongStdio>false</keepLongStdio>
</result>